Using pre-set license
Built from '2020.3/staging' branch; Version is '2020.3.16f1 (049d6eca3c44) revision 302446'; Using compiler version '192528614'; Build Type 'Release'
OS: 'Windows 10 Home; OS build 19042.1415; Version 2009; 64bit' Language: 'zh' Physical Memory: 8013 MB
BatchMode: 1, IsHumanControllingUs: 0, StartBugReporterOnCrash: 0, Is64bit: 1, IsPro: 0

 COMMAND LINE ARGUMENTS:
C:\Program Files\Unity\Hub\Editor\2020.3.16f1\Editor\Unity.exe
-adb2
-batchMode
-noUpm
-name
AssetImportWorker0
-projectPath
C:/Users/user/Documents/GitHub/2021_12_13-Photon_practice/2021_12_13_Photon_practice
-logFile
Logs/AssetImportWorker0.log
-srvPort
51595
Successfully changed project path to: C:/Users/user/Documents/GitHub/2021_12_13-Photon_practice/2021_12_13_Photon_practice
C:/Users/user/Documents/GitHub/2021_12_13-Photon_practice/2021_12_13_Photon_practice
Using Asset Import Pipeline V2.
Refreshing native plugins compatible for Editor in 40.83 ms, found 3 plugins.
Preloading 0 native plugins for Editor in 0.00 ms.
Initialize engine version: 2020.3.16f1 (049d6eca3c44)
[Subsystems] Discovering subsystems at path C:/Program Files/Unity/Hub/Editor/2020.3.16f1/Editor/Data/Resources/UnitySubsystems
[Subsystems] Discovering subsystems at path C:/Users/user/Documents/GitHub/2021_12_13-Photon_practice/2021_12_13_Photon_practice/Assets
GfxDevice: creating device client; threaded=0
Direct3D:
    Version:  Direct3D 11.0 [level 11.1]
    Renderer: NVIDIA GeForce GTX 1650 Ti with Max-Q Design (ID=0x1f95)
    Vendor:   
    VRAM:     3962 MB
    Driver:   27.21.14.6221
Initialize mono
Mono path[0] = 'C:/Program Files/Unity/Hub/Editor/2020.3.16f1/Editor/Data/Managed'
Mono path[1] = 'C:/Program Files/Unity/Hub/Editor/2020.3.16f1/Editor/Data/MonoBleedingEdge/lib/mono/unityjit'
Mono config path = 'C:/Program Files/Unity/Hub/Editor/2020.3.16f1/Editor/Data/MonoBleedingEdge/etc'
Using monoOptions --debugger-agent=transport=dt_socket,embedding=1,server=y,suspend=n,address=127.0.0.1:56584
Begin MonoManager ReloadAssembly
Registering precompiled unity dll's ...
Register platform support module: C:/Program Files/Unity/Hub/Editor/2020.3.16f1/Editor/Data/PlaybackEngines/WebGLSupport/UnityEditor.WebGL.Extensions.dll
Register platform support module: C:/Program Files/Unity/Hub/Editor/2020.3.16f1/Editor/Data/PlaybackEngines/WindowsStandaloneSupport/UnityEditor.WindowsStandalone.Extensions.dll
Registered in 0.002384 seconds.
Native extension for WindowsStandalone target not found
Native extension for WebGL target not found
Refreshing native plugins compatible for Editor in 27.69 ms, found 3 plugins.
Preloading 0 native plugins for Editor in 0.00 ms.
Mono: successfully reloaded assembly
- Completed reload, in  1.764 seconds
Domain Reload Profiling:
	ReloadAssembly (1764ms)
		BeginReloadAssembly (52ms)
			ExecutionOrderSort (0ms)
			DisableScriptedObjects (0ms)
			BackupInstance (0ms)
			ReleaseScriptingObjects (0ms)
			CreateAndSetChildDomain (1ms)
		EndReloadAssembly (392ms)
			LoadAssemblies (50ms)
			RebuildTransferFunctionScriptingTraits (0ms)
			SetupTypeCache (147ms)
			ReleaseScriptCaches (0ms)
			RebuildScriptCaches (30ms)
			SetupLoadedEditorAssemblies (145ms)
				LogAssemblyErrors (0ms)
				InitializePlatformSupportModulesInManaged (5ms)
				SetLoadedEditorAssemblies (0ms)
				RefreshPlugins (28ms)
				BeforeProcessingInitializeOnLoad (15ms)
				ProcessInitializeOnLoadAttributes (71ms)
				ProcessInitializeOnLoadMethodAttributes (26ms)
				AfterProcessingInitializeOnLoad (0ms)
				EditorAssembliesLoaded (0ms)
			ExecutionOrderSort2 (0ms)
			AwakeInstancesAfterBackupRestoration (0ms)
Platform modules already initialized, skipping
Registering precompiled user dll's ...
Registered in 0.012376 seconds.
Begin MonoManager ReloadAssembly
Native extension for WindowsStandalone target not found
Native extension for WebGL target not found
Refreshing native plugins compatible for Editor in 28.21 ms, found 3 plugins.
Preloading 0 native plugins for Editor in 0.00 ms.
Mono: successfully reloaded assembly
- Completed reload, in  1.128 seconds
Domain Reload Profiling:
	ReloadAssembly (1129ms)
		BeginReloadAssembly (138ms)
			ExecutionOrderSort (0ms)
			DisableScriptedObjects (4ms)
			BackupInstance (0ms)
			ReleaseScriptingObjects (0ms)
			CreateAndSetChildDomain (20ms)
		EndReloadAssembly (930ms)
			LoadAssemblies (96ms)
			RebuildTransferFunctionScriptingTraits (0ms)
			SetupTypeCache (299ms)
			ReleaseScriptCaches (0ms)
			RebuildScriptCaches (41ms)
			SetupLoadedEditorAssemblies (382ms)
				LogAssemblyErrors (0ms)
				InitializePlatformSupportModulesInManaged (4ms)
				SetLoadedEditorAssemblies (0ms)
				RefreshPlugins (28ms)
				BeforeProcessingInitializeOnLoad (59ms)
				ProcessInitializeOnLoadAttributes (280ms)
				ProcessInitializeOnLoadMethodAttributes (3ms)
				AfterProcessingInitializeOnLoad (6ms)
				EditorAssembliesLoaded (0ms)
			ExecutionOrderSort2 (0ms)
			AwakeInstancesAfterBackupRestoration (5ms)
Platform modules already initialized, skipping
========================================================================
Worker process is ready to serve import requests
Launched and connected shader compiler UnityShaderCompiler.exe after 0.04 seconds
Refreshing native plugins compatible for Editor in 0.41 ms, found 3 plugins.
Preloading 0 native plugins for Editor in 0.00 ms.
Unloading 1476 Unused Serialized files (Serialized files now loaded: 0)
System memory in use before: 68.5 MB.
System memory in use after: 68.5 MB.

Unloading 36 unused Assets to reduce memory usage. Loaded Objects now: 1924.
Total: 2.745300 ms (FindLiveObjects: 0.150600 ms CreateObjectMapping: 0.046800 ms MarkObjects: 2.487400 ms  DeleteObjects: 0.059800 ms)

AssetImportParameters requested are different than current active one (requested -> active):
  custom:framework-win-MediaFoundation: 216162199b28c13a410421893ffa2e32 -> 
  custom:video-decoder-ogg-theora: a1e56fd34408186e4bbccfd4996cb3dc -> 
  custom:container-muxer-webm: aa71ff27fc2769a1b78a27578f13a17b -> 
  custom:container-demuxer-webm: 4f35f7cbe854078d1ac9338744f61a02 -> 
  custom:container-demuxer-ogg: 62fdf1f143b41e24485cea50d1cbac27 -> 
  custom:video-encoder-webm-vp8: eb34c28f22e8b96e1ab97ce403110664 -> 
  custom:video-decoder-webm-vp8: 9c59270c3fd7afecdb556c50c9e8de78 -> 
  custom:audio-decoder-ogg-vorbis: bf7c407c2cedff20999df2af8eb42d56 -> 
  custom:audio-encoder-webm-vorbis: bf7c407c2cedff20999df2af8eb42d56 -> 
========================================================================
Received Import Request.
  path: Assets/Photon/Fusion/Resources/PhotonAppSettings.asset
  artifactKey: Guid(5e138eded43b4a34eaf1dc9963392d00) Importer(815301076,1909f56bfc062723c751e8b465ee728b)
Start importing Assets/Photon/Fusion/Resources/PhotonAppSettings.asset using Guid(5e138eded43b4a34eaf1dc9963392d00) Importer(815301076,1909f56bfc062723c751e8b465ee728b)  -> (artifact id: '192cea3d86b998e45d6bd6e2e4eae442') in 0.047135 seconds 
  Import took 0.051152 seconds .

========================================================================
Received Import Request.
  Time since last request: 118.609141 seconds.
  path: Assets
  artifactKey: Guid(00000000000000001000000000000000) Importer(815301076,1909f56bfc062723c751e8b465ee728b)
Start importing Assets using Guid(00000000000000001000000000000000) Importer(815301076,1909f56bfc062723c751e8b465ee728b)  -> (artifact id: '42d402b061de3733987d63b9cc3b64de') in 0.021416 seconds 
  Import took 0.025115 seconds .

========================================================================
Received Import Request.
  Time since last request: 3.876648 seconds.
  path: Assets/New Folder
  artifactKey: Guid(d8f6fd406f296a6409810f421524cc4f) Importer(815301076,1909f56bfc062723c751e8b465ee728b)
Start importing Assets/New Folder using Guid(d8f6fd406f296a6409810f421524cc4f) Importer(815301076,1909f56bfc062723c751e8b465ee728b)  -> (artifact id: 'ad8a80378885ac8c434ed6987da29c12') in 0.023181 seconds 
  Import took 0.026041 seconds .

========================================================================
Received Import Request.
  Time since last request: 6.066143 seconds.
  path: Assets/場景
  artifactKey: Guid(d8f6fd406f296a6409810f421524cc4f) Importer(815301076,1909f56bfc062723c751e8b465ee728b)
Start importing Assets/場景 using Guid(d8f6fd406f296a6409810f421524cc4f) Importer(815301076,1909f56bfc062723c751e8b465ee728b)  -> (artifact id: 'ac98632d131a4f6118fb7664d10737a6') in 0.023866 seconds 
  Import took 0.026397 seconds .

========================================================================
Received Import Request.
  Time since last request: 2.642757 seconds.
  path: Assets/場景/場景.unity
  artifactKey: Guid(67db6f3b47c37e34c9f09d0a40c62915) Importer(815301076,1909f56bfc062723c751e8b465ee728b)
Start importing Assets/場景/場景.unity using Guid(67db6f3b47c37e34c9f09d0a40c62915) Importer(815301076,1909f56bfc062723c751e8b465ee728b)  -> (artifact id: '87ffb293a95c32dafdbccd2fa21874fa') in 0.023654 seconds 
  Import took 0.026161 seconds .

========================================================================
Received Import Request.
  Time since last request: 5.573938 seconds.
  path: Assets/場景/坦克大戰.unity
  artifactKey: Guid(67db6f3b47c37e34c9f09d0a40c62915) Importer(815301076,1909f56bfc062723c751e8b465ee728b)
Start importing Assets/場景/坦克大戰.unity using Guid(67db6f3b47c37e34c9f09d0a40c62915) Importer(815301076,1909f56bfc062723c751e8b465ee728b)  -> (artifact id: '34c5fa31796ad429e620bee475b85f66') in 0.023679 seconds 
  Import took 0.027058 seconds .

========================================================================
Received Import Request.
  Time since last request: 277.393504 seconds.
  path: Assets/字體
  artifactKey: Guid(4a9f0e1818f606e4b976652e9392dc03) Importer(815301076,1909f56bfc062723c751e8b465ee728b)
Start importing Assets/字體 using Guid(4a9f0e1818f606e4b976652e9392dc03) Importer(815301076,1909f56bfc062723c751e8b465ee728b)  -> (artifact id: '92afe8d5d4cb5d493fbf013b2108ec86') in 0.024247 seconds 
  Import took 0.027371 seconds .

========================================================================
Received Import Request.
  Time since last request: 7.886064 seconds.
  path: Assets/字體/日文ほにゃ/HonyaJi-Re.ttf
  artifactKey: Guid(f5a3aee2c2a528e4dbc6d92815e2184e) Importer(815301076,1909f56bfc062723c751e8b465ee728b)
Start importing Assets/字體/日文ほにゃ/HonyaJi-Re.ttf using Guid(f5a3aee2c2a528e4dbc6d92815e2184e) Importer(815301076,1909f56bfc062723c751e8b465ee728b)  -> (artifact id: '63d9f6d0971d55c60c7a31b8b56e60ac') in 0.154357 seconds 
  Import took 0.157792 seconds .

========================================================================
Received Import Request.
  Time since last request: 0.000858 seconds.
  path: Assets/字體/日文もじゃもじゃ/mojyaji.ttf
  artifactKey: Guid(e74af81c4c57f4845b0892984f853af1) Importer(815301076,1909f56bfc062723c751e8b465ee728b)
Start importing Assets/字體/日文もじゃもじゃ/mojyaji.ttf using Guid(e74af81c4c57f4845b0892984f853af1) Importer(815301076,1909f56bfc062723c751e8b465ee728b)  -> (artifact id: '2bc32d3fd1f80c53105b8a3559f32937') in 0.044229 seconds 
  Import took 0.049810 seconds .

========================================================================
Received Import Request.
  Time since last request: 0.000269 seconds.
  path: Assets/字體/日文ほにゃ/HonyaJi-Re.ttf
  artifactKey: Guid(f5a3aee2c2a528e4dbc6d92815e2184e) Importer(815301076,1909f56bfc062723c751e8b465ee728b)
Start importing Assets/字體/日文ほにゃ/HonyaJi-Re.ttf using Guid(f5a3aee2c2a528e4dbc6d92815e2184e) Importer(815301076,1909f56bfc062723c751e8b465ee728b)  -> (artifact id: '63d9f6d0971d55c60c7a31b8b56e60ac') in 0.044089 seconds 
  Import took 0.050406 seconds .

========================================================================
Received Import Request.
  Time since last request: 0.000981 seconds.
  path: Assets/Photon/Fusion/Editor/Resources/ComponentHeaderGraphics/Fonts/Oswald-Header.ttf
  artifactKey: Guid(bc4170141f0283e4c80ff0f668490e67) Importer(815301076,1909f56bfc062723c751e8b465ee728b)
Start importing Assets/Photon/Fusion/Editor/Resources/ComponentHeaderGraphics/Fonts/Oswald-Header.ttf using Guid(bc4170141f0283e4c80ff0f668490e67) Importer(815301076,1909f56bfc062723c751e8b465ee728b)  -> (artifact id: 'fa33321905b890eec9f547dfce46b250') in 0.047402 seconds 
  Import took 0.054449 seconds .

========================================================================
Received Import Request.
  Time since last request: 0.006281 seconds.
  path: Assets/Photon/Fusion/Editor/Resources/ComponentHeaderGraphics/Fonts/Oswald-Header.ttf
  artifactKey: Guid(bc4170141f0283e4c80ff0f668490e67) Importer(815301076,1909f56bfc062723c751e8b465ee728b)
Start importing Assets/Photon/Fusion/Editor/Resources/ComponentHeaderGraphics/Fonts/Oswald-Header.ttf using Guid(bc4170141f0283e4c80ff0f668490e67) Importer(815301076,1909f56bfc062723c751e8b465ee728b)  -> (artifact id: 'fa33321905b890eec9f547dfce46b250') in 0.038353 seconds 
  Import took 0.041833 seconds .

========================================================================
Received Prepare
Registering precompiled user dll's ...
Registered in 0.011178 seconds.
Begin MonoManager ReloadAssembly
Native extension for WindowsStandalone target not found
Native extension for WebGL target not found
Refreshing native plugins compatible for Editor in 0.38 ms, found 3 plugins.
Preloading 0 native plugins for Editor in 0.00 ms.
Mono: successfully reloaded assembly
- Completed reload, in  0.970 seconds
Domain Reload Profiling:
	ReloadAssembly (971ms)
		BeginReloadAssembly (97ms)
			ExecutionOrderSort (0ms)
			DisableScriptedObjects (3ms)
			BackupInstance (0ms)
			ReleaseScriptingObjects (0ms)
			CreateAndSetChildDomain (30ms)
		EndReloadAssembly (823ms)
			LoadAssemblies (74ms)
			RebuildTransferFunctionScriptingTraits (0ms)
			SetupTypeCache (245ms)
			ReleaseScriptCaches (1ms)
			RebuildScriptCaches (32ms)
			SetupLoadedEditorAssemblies (383ms)
				LogAssemblyErrors (0ms)
				InitializePlatformSupportModulesInManaged (5ms)
				SetLoadedEditorAssemblies (0ms)
				RefreshPlugins (0ms)
				BeforeProcessingInitializeOnLoad (63ms)
				ProcessInitializeOnLoadAttributes (304ms)
				ProcessInitializeOnLoadMethodAttributes (3ms)
				AfterProcessingInitializeOnLoad (6ms)
				EditorAssembliesLoaded (0ms)
			ExecutionOrderSort2 (0ms)
			AwakeInstancesAfterBackupRestoration (7ms)
Platform modules already initialized, skipping
Refreshing native plugins compatible for Editor in 0.44 ms, found 3 plugins.
Preloading 0 native plugins for Editor in 0.00 ms.
Unloading 1468 Unused Serialized files (Serialized files now loaded: 0)
System memory in use before: 71.6 MB.
System memory in use after: 71.7 MB.

Unloading 31 unused Assets to reduce memory usage. Loaded Objects now: 1970.
Total: 3.111900 ms (FindLiveObjects: 0.214000 ms CreateObjectMapping: 0.081500 ms MarkObjects: 2.789300 ms  DeleteObjects: 0.025400 ms)

AssetImportParameters requested are different than current active one (requested -> active):
  custom:framework-win-MediaFoundation: 216162199b28c13a410421893ffa2e32 -> 
  custom:video-decoder-ogg-theora: a1e56fd34408186e4bbccfd4996cb3dc -> 
  custom:container-muxer-webm: aa71ff27fc2769a1b78a27578f13a17b -> 
  custom:container-demuxer-webm: 4f35f7cbe854078d1ac9338744f61a02 -> 
  custom:container-demuxer-ogg: 62fdf1f143b41e24485cea50d1cbac27 -> 
  custom:video-encoder-webm-vp8: eb34c28f22e8b96e1ab97ce403110664 -> 
  custom:video-decoder-webm-vp8: 9c59270c3fd7afecdb556c50c9e8de78 -> 
  custom:audio-decoder-ogg-vorbis: bf7c407c2cedff20999df2af8eb42d56 -> 
  custom:audio-encoder-webm-vorbis: bf7c407c2cedff20999df2af8eb42d56 -> 
========================================================================
Received Import Request.
  Time since last request: 1306.528222 seconds.
  path: Assets/場景/練習.unity
  artifactKey: Guid(ac3f883d0f0994c41b20c597bfd5b5ed) Importer(815301076,1909f56bfc062723c751e8b465ee728b)
Start importing Assets/場景/練習.unity using Guid(ac3f883d0f0994c41b20c597bfd5b5ed) Importer(815301076,1909f56bfc062723c751e8b465ee728b)  -> (artifact id: '709b7ee657b76d882c5a9052028e1065') in 0.036792 seconds 
  Import took 0.039903 seconds .

========================================================================
Received Import Request.
  Time since last request: 66.171829 seconds.
  path: Assets/場景/坦克大戰.unity
  artifactKey: Guid(67db6f3b47c37e34c9f09d0a40c62915) Importer(815301076,1909f56bfc062723c751e8b465ee728b)
Start importing Assets/場景/坦克大戰.unity using Guid(67db6f3b47c37e34c9f09d0a40c62915) Importer(815301076,1909f56bfc062723c751e8b465ee728b)  -> (artifact id: '00644ddf0c0f0dace6c10a6b82d9aae9') in 0.027375 seconds 
  Import took 0.029719 seconds .

========================================================================
Received Import Request.
  Time since last request: 34.525192 seconds.
  path: Assets/_Completed-Assets/Prefabs/CompleteDustTrail.prefab
  artifactKey: Guid(daceba43be89eb146a3ed6af99b08c29) Importer(815301076,1909f56bfc062723c751e8b465ee728b)
Start importing Assets/_Completed-Assets/Prefabs/CompleteDustTrail.prefab using Guid(daceba43be89eb146a3ed6af99b08c29) Importer(815301076,1909f56bfc062723c751e8b465ee728b)  -> (artifact id: 'd7b5db5f59638e3a55c5a20c93bf5ebd') in 0.269394 seconds 
  Import took 0.271850 seconds .

========================================================================
Received Import Request.
  Time since last request: 0.039759 seconds.
  path: Assets/_Completed-Assets/Prefabs/CompleteDustTrail.prefab
  artifactKey: Guid(daceba43be89eb146a3ed6af99b08c29) Importer(815301076,1909f56bfc062723c751e8b465ee728b)
Start importing Assets/_Completed-Assets/Prefabs/CompleteDustTrail.prefab using Guid(daceba43be89eb146a3ed6af99b08c29) Importer(815301076,1909f56bfc062723c751e8b465ee728b)  -> (artifact id: 'a9abd543a3aa9854d2c523c682f07a24') in 0.035184 seconds 
  Import took 0.037493 seconds .

========================================================================
Received Import Request.
  Time since last request: 0.000249 seconds.
  path: Assets/Materials/Dust.mat
  artifactKey: Guid(424be3af6ad117140887d3e652a89d24) Importer(815301076,1909f56bfc062723c751e8b465ee728b)
Start importing Assets/Materials/Dust.mat using Guid(424be3af6ad117140887d3e652a89d24) Importer(815301076,1909f56bfc062723c751e8b465ee728b)  -> (artifact id: '4f8eb0220f9cb9056a0e3d386b4de807') in 0.047121 seconds 
  Import took 0.049600 seconds .

========================================================================
Received Import Request.
  Time since last request: 425.507658 seconds.
  path: Assets/素材
  artifactKey: Guid(4afea6d720898d4418a4832e4a220ce7) Importer(815301076,1909f56bfc062723c751e8b465ee728b)
Start importing Assets/素材 using Guid(4afea6d720898d4418a4832e4a220ce7) Importer(815301076,1909f56bfc062723c751e8b465ee728b)  -> (artifact id: 'c26048fa17fbda4a7358ab4b26e872e0') in 0.022758 seconds 
  Import took 0.026275 seconds .

========================================================================
Received Import Request.
  Time since last request: 200.610931 seconds.
  path: Assets/預置物
  artifactKey: Guid(7a240d6423b64d640b8365e8f832e1b9) Importer(815301076,1909f56bfc062723c751e8b465ee728b)
Start importing Assets/預置物 using Guid(7a240d6423b64d640b8365e8f832e1b9) Importer(815301076,1909f56bfc062723c751e8b465ee728b)  -> (artifact id: '949ab251ebcdc2a868b428eab02389ea') in 0.022933 seconds 
  Import took 0.025655 seconds .

========================================================================
Received Import Request.
  Time since last request: 203.129050 seconds.
  path: Assets/預置物/箱子 藍色.prefab
  artifactKey: Guid(e06afcd88032d284381f6d549c266567) Importer(815301076,1909f56bfc062723c751e8b465ee728b)
Start importing Assets/預置物/箱子 藍色.prefab using Guid(e06afcd88032d284381f6d549c266567) Importer(815301076,1909f56bfc062723c751e8b465ee728b)  -> (artifact id: 'f18f8a50c86c11c97f9ea2e15518b637') in 0.268035 seconds 
  Import took 0.271738 seconds .

========================================================================
Received Import Request.
  Time since last request: 708.471685 seconds.
  path: Assets/BasicSpawner.cs
  artifactKey: Guid(4f997fbf0b1c2924b9bed8c1cb0ba718) Importer(815301076,1909f56bfc062723c751e8b465ee728b)
Start importing Assets/BasicSpawner.cs using Guid(4f997fbf0b1c2924b9bed8c1cb0ba718) Importer(815301076,1909f56bfc062723c751e8b465ee728b)  -> (artifact id: 'e91d23069fb6e72b0e24498cff202801') in 0.057003 seconds 
  Import took 0.059965 seconds .

========================================================================
Received Import Request.
  Time since last request: 0.055164 seconds.
  path: Assets/BasicSpawner.cs
  artifactKey: Guid(4f997fbf0b1c2924b9bed8c1cb0ba718) Importer(815301076,1909f56bfc062723c751e8b465ee728b)
Start importing Assets/BasicSpawner.cs using Guid(4f997fbf0b1c2924b9bed8c1cb0ba718) Importer(815301076,1909f56bfc062723c751e8b465ee728b)  -> (artifact id: 'e91d23069fb6e72b0e24498cff202801') in 0.025952 seconds 
  Import took 0.030281 seconds .

========================================================================
Received Import Request.
  Time since last request: 7.826067 seconds.
  path: Assets/C#
  artifactKey: Guid(31e19452c4ee83d4cbef1ee8df381174) Importer(815301076,1909f56bfc062723c751e8b465ee728b)
Start importing Assets/C# using Guid(31e19452c4ee83d4cbef1ee8df381174) Importer(815301076,1909f56bfc062723c751e8b465ee728b)  -> (artifact id: 'e9c1fa304a4ec9acd3149d9e0833f6db') in 0.026714 seconds 
  Import took 0.028881 seconds .

========================================================================
Received Import Request.
  Time since last request: 233.513899 seconds.
  path: Assets/C#/BasicSpawner.cs
  artifactKey: Guid(4f997fbf0b1c2924b9bed8c1cb0ba718) Importer(815301076,1909f56bfc062723c751e8b465ee728b)
Start importing Assets/C#/BasicSpawner.cs using Guid(4f997fbf0b1c2924b9bed8c1cb0ba718) Importer(815301076,1909f56bfc062723c751e8b465ee728b)  -> (artifact id: 'd1f5f1555454d609cd47d52c8cb7ecaf') in 0.021561 seconds 
  Import took 0.024058 seconds .

========================================================================
Received Import Request.
  Time since last request: 335.801649 seconds.
  path: Assets/C#/BasicSpawner.cs
  artifactKey: Guid(4f997fbf0b1c2924b9bed8c1cb0ba718) Importer(815301076,1909f56bfc062723c751e8b465ee728b)
Start importing Assets/C#/BasicSpawner.cs using Guid(4f997fbf0b1c2924b9bed8c1cb0ba718) Importer(815301076,1909f56bfc062723c751e8b465ee728b)  -> (artifact id: '9e6c6ef96034a92d58c97e7ec39dad79') in 0.026052 seconds 
  Import took 0.029599 seconds .

========================================================================
Received Import Request.
  Time since last request: 39.033508 seconds.
  path: Assets/C#/BasicSpawnerr.cs
  artifactKey: Guid(e81085c151d1dee4fa6c39743226ca6f) Importer(815301076,1909f56bfc062723c751e8b465ee728b)
Start importing Assets/C#/BasicSpawnerr.cs using Guid(e81085c151d1dee4fa6c39743226ca6f) Importer(815301076,1909f56bfc062723c751e8b465ee728b)  -> (artifact id: '6ea6c3242446d6e96d21a385b024b6a8') in 0.023854 seconds 
  Import took 0.026975 seconds .

========================================================================
Received Import Request.
  Time since last request: 22.717162 seconds.
  path: Assets/C#/BasicSpawnerr.cs
  artifactKey: Guid(e81085c151d1dee4fa6c39743226ca6f) Importer(815301076,1909f56bfc062723c751e8b465ee728b)
Start importing Assets/C#/BasicSpawnerr.cs using Guid(e81085c151d1dee4fa6c39743226ca6f) Importer(815301076,1909f56bfc062723c751e8b465ee728b)  -> (artifact id: '4b7ede2841aa436c8db32de32e700baa') in 0.023032 seconds 
  Import took 0.025284 seconds .

AssetImportWorkerClient::OnTransportError - code=2 error=End of file
